<?xml version="1.0" encoding="UTF-8"?>
<testng-results ignored="0" total="1" passed="1" failed="0" skipped="0">
  <reporter-output>
  </reporter-output>
  <suite started-at="2025-03-30T13:26:04 IST" name="Default suite" finished-at="2025-03-30T13:26:18 IST" duration-ms="13658">
    <groups>
    </groups>
    <test started-at="2025-03-30T13:26:04 IST" name="Default test" finished-at="2025-03-30T13:26:18 IST" duration-ms="13658">
      <class name="simplePackage.Samplecodesecretkey">
        <test-method signature="setup()[pri:0, instance:simplePackage.Samplecodesecretkey@7161d8d1]" started-at="2025-03-30T13:26:04 IST" name="setup" finished-at="2025-03-30T13:26:18 IST" duration-ms="13594" status="PASS">
          <reporter-output>
          </reporter-output>
        </test-method> <!-- setup -->
      </class> <!-- simplePackage.Samplecodesecretkey -->
    </test> <!-- Default test -->
  </suite> <!-- Default suite -->
</testng-results>
